TN:
SF:packages/cli/src/cli.ts
FN:9,(anonymous_9)
FN:10,(anonymous_10)
FN:11,(anonymous_11)
FN:12,(anonymous_12)
FN:19,(anonymous_13)
FN:24,(anonymous_14)
FN:38,(anonymous_15)
FN:51,(anonymous_16)
FN:64,(anonymous_17)
FN:78,(anonymous_18)
FN:93,(anonymous_19)
FN:107,(anonymous_20)
FN:122,(anonymous_21)
FN:138,(anonymous_22)
FN:151,(anonymous_23)
FN:164,(anonymous_24)
FN:176,(anonymous_25)
FN:181,(anonymous_26)
FN:182,(anonymous_27)
FN:246,(anonymous_28)
FN:247,(anonymous_29)
FNF:21
FNH:8
FNDA:0,(anonymous_9)
FNDA:6,(anonymous_10)
FNDA:0,(anonymous_11)
FNDA:0,(anonymous_12)
FNDA:48,(anonymous_13)
FNDA:48,(anonymous_14)
FNDA:48,(anonymous_15)
FNDA:0,(anonymous_16)
FNDA:0,(anonymous_17)
FNDA:0,(anonymous_18)
FNDA:0,(anonymous_19)
FNDA:0,(anonymous_20)
FNDA:0,(anonymous_21)
FNDA:0,(anonymous_22)
FNDA:0,(anonymous_23)
FNDA:0,(anonymous_24)
FNDA:56,(anonymous_25)
FNDA:4,(anonymous_26)
FNDA:4,(anonymous_27)
FNDA:4,(anonymous_28)
FNDA:0,(anonymous_29)
DA:5,1
DA:6,1
DA:8,1
DA:9,0
DA:10,6
DA:11,0
DA:12,0
DA:14,1
DA:16,1
DA:20,48
DA:21,48
DA:25,48
DA:35,48
DA:39,48
DA:40,48
DA:41,48
DA:42,48
DA:43,48
DA:44,48
DA:45,48
DA:46,48
DA:48,48
DA:52,0
DA:53,0
DA:54,0
DA:56,0
DA:57,0
DA:61,48
DA:65,0
DA:66,0
DA:67,0
DA:69,0
DA:70,0
DA:74,48
DA:79,0
DA:80,0
DA:81,0
DA:82,0
DA:83,0
DA:85,0
DA:86,0
DA:90,48
DA:94,0
DA:95,0
DA:96,0
DA:97,0
DA:99,0
DA:100,0
DA:104,48
DA:108,0
DA:109,0
DA:110,0
DA:112,0
DA:113,0
DA:117,48
DA:123,0
DA:124,0
DA:125,0
DA:126,0
DA:127,0
DA:128,0
DA:130,0
DA:131,0
DA:135,48
DA:139,0
DA:140,0
DA:141,0
DA:143,0
DA:144,0
DA:148,48
DA:152,0
DA:153,0
DA:154,0
DA:156,0
DA:157,0
DA:161,48
DA:165,0
DA:166,0
DA:167,0
DA:168,0
DA:170,0
DA:171,0
DA:177,56
DA:179,56
DA:181,1
DA:182,4
DA:187,56
DA:188,2
DA:189,2
DA:190,2
DA:191,2
DA:193,0
DA:194,0
DA:196,2
DA:200,54
DA:201,54
DA:202,54
DA:205,54
DA:206,60
DA:208,60
DA:210,1
DA:211,1
DA:212,1
DA:215,1
DA:217,0
DA:220,59
DA:221,1
DA:222,1
DA:225,58
DA:226,1
DA:227,1
DA:228,1
DA:231,57
DA:232,3
DA:233,3
DA:234,3
DA:237,54
DA:238,2
DA:239,2
DA:240,2
DA:243,52
DA:244,1
DA:246,1
DA:247,4
DA:249,1
DA:250,1
DA:253,51
DA:254,0
DA:255,0
DA:256,0
DA:260,51
DA:264,52
DA:266,52
DA:268,1
DA:269,1
DA:270,1
DA:271,1
DA:273,0
DA:274,0
DA:276,1
DA:279,51
DA:280,51
DA:283,51
DA:284,47
DA:285,12
DA:286,2
DA:287,2
DA:288,2
DA:289,2
DA:291,10
DA:292,10
DA:293,10
DA:294,10
DA:296,1
DA:297,1
DA:299,10
DA:302,35
DA:303,8
DA:304,8
DA:305,8
DA:306,8
DA:308,0
DA:309,0
DA:311,8
DA:314,27
DA:315,4
DA:316,4
DA:317,4
DA:318,4
DA:319,4
DA:321,0
DA:322,0
DA:324,4
DA:327,23
DA:328,4
DA:329,4
DA:330,4
DA:331,4
DA:332,4
DA:334,0
DA:335,0
DA:337,4
DA:340,19
DA:341,4
DA:342,2
DA:343,2
DA:344,2
DA:345,2
DA:347,2
DA:348,2
DA:349,2
DA:350,2
DA:352,0
DA:353,0
DA:355,2
DA:358,15
DA:359,4
DA:360,4
DA:361,4
DA:362,4
DA:363,4
DA:365,0
DA:366,0
DA:368,4
DA:371,11
DA:372,3
DA:373,1
DA:374,1
DA:375,1
DA:376,1
DA:378,2
DA:379,2
DA:380,2
DA:381,2
DA:383,0
DA:384,0
DA:386,2
DA:389,8
DA:390,3
DA:391,1
DA:392,1
DA:393,1
DA:394,1
DA:396,2
DA:397,2
DA:398,2
DA:399,2
DA:401,0
DA:402,0
DA:404,2
DA:407,5
DA:408,5
DA:409,2
DA:410,2
DA:411,2
DA:412,2
DA:414,3
DA:415,3
DA:416,3
DA:417,3
DA:418,3
DA:420,0
DA:421,0
DA:423,3
DA:428,4
DA:433,1
DA:434,1
DA:435,1
DA:436,1
DA:440,3
DA:441,3
DA:442,3
DA:443,3
DA:445,0
DA:446,0
DA:449,0
DA:450,0
LF:257
LH:174
BRDA:80,0,0,0
BRDA:80,0,1,0
BRDA:81,1,0,0
BRDA:95,2,0,0
BRDA:95,2,1,0
BRDA:125,3,0,0
BRDA:126,4,0,0
BRDA:166,5,0,0
BRDA:166,5,1,0
BRDA:179,6,0,1
BRDA:187,7,0,2
BRDA:208,8,0,1
BRDA:208,9,0,60
BRDA:208,9,1,59
BRDA:220,10,0,1
BRDA:220,11,0,59
BRDA:220,11,1,58
BRDA:225,12,0,1
BRDA:231,13,0,3
BRDA:231,14,0,57
BRDA:231,14,1,54
BRDA:237,15,0,2
BRDA:237,16,0,54
BRDA:237,16,1,52
BRDA:243,17,0,1
BRDA:253,18,0,0
BRDA:266,19,0,1
BRDA:283,20,0,47
BRDA:284,21,0,12
BRDA:285,22,0,2
BRDA:302,23,0,8
BRDA:314,24,0,4
BRDA:327,25,0,4
BRDA:340,26,0,4
BRDA:341,27,0,2
BRDA:358,28,0,4
BRDA:371,29,0,3
BRDA:372,30,0,1
BRDA:389,31,0,3
BRDA:390,32,0,1
BRDA:407,33,0,5
BRDA:408,34,0,2
BRDA:428,35,0,1
BRDA:429,36,0,4
BRDA:429,36,1,1
BRDA:429,36,2,1
BRDA:449,37,0,0
BRDA:449,37,1,0
BRF:48
BRH:36
end_of_record
TN:
SF:packages/cli/src/bin/oops.ts
FN:9,main
FN:14,(anonymous_1)
FNF:2
FNH:0
FNDA:0,main
FNDA:0,(anonymous_1)
DA:7,0
DA:10,0
DA:11,0
DA:14,0
DA:15,0
DA:16,0
LF:6
LH:0
BRF:0
BRH:0
end_of_record
TN:
SF:packages/cli/src/commands/base.ts
FN:9,(anonymous_0)
FN:16,(anonymous_1)
FN:20,(anonymous_2)
FN:26,(anonymous_3)
FN:32,(anonymous_4)
FNF:5
FNH:3
FNDA:546,(anonymous_0)
FNDA:0,(anonymous_1)
FNDA:621,(anonymous_2)
FNDA:0,(anonymous_3)
FNDA:3,(anonymous_4)
DA:5,2
DA:6,546
DA:7,546
DA:10,546
DA:11,546
DA:21,621
DA:22,621
DA:27,0
DA:28,0
DA:33,3
LF:10
LH:8
BRDA:9,0,0,546
BRDA:10,1,0,546
BRDA:10,1,1,546
BRDA:11,2,0,546
BRDA:11,2,1,546
BRDA:21,3,0,621
BRDA:27,4,0,0
BRF:7
BRH:6
end_of_record
TN:
SF:packages/cli/src/commands/checkout.ts
FN:9,(anonymous_0)
FN:15,(anonymous_1)
FNF:2
FNH:2
FNDA:5,(anonymous_0)
FNDA:8,(anonymous_1)
DA:5,2
DA:8,2
DA:10,5
DA:11,1
DA:16,8
DA:18,8
DA:19,8
DA:23,8
DA:24,8
DA:26,8
DA:27,8
DA:28,8
DA:29,8
DA:32,0
LF:14
LH:13
BRDA:10,0,0,1
BRF:1
BRH:1
end_of_record
TN:
SF:packages/cli/src/commands/commit.ts
FN:9,(anonymous_0)
FN:13,(anonymous_1)
FNF:2
FNH:2
FNDA:7,(anonymous_0)
FNDA:7,(anonymous_1)
DA:5,2
DA:8,2
DA:14,7
DA:16,7
DA:17,7
DA:21,7
DA:23,7
DA:24,0
DA:26,7
DA:29,7
DA:30,7
DA:31,7
DA:34,0
LF:13
LH:11
BRDA:14,0,0,7
BRDA:14,0,1,7
BRDA:23,1,0,0
BRDA:23,1,1,7
BRF:4
BRH:3
end_of_record
TN:
SF:packages/cli/src/commands/diff.ts
FN:9,(anonymous_0)
FN:11,(anonymous_1)
FN:17,(anonymous_2)
FN:19,(anonymous_3)
FN:55,(anonymous_4)
FN:56,(anonymous_5)
FNF:6
FNH:6
FNDA:7,(anonymous_0)
FNDA:6,(anonymous_1)
FNDA:8,(anonymous_2)
FNDA:6,(anonymous_3)
FNDA:8,(anonymous_4)
FNDA:4,(anonymous_5)
DA:5,2
DA:8,2
DA:11,7
DA:12,7
DA:13,1
DA:18,8
DA:19,8
DA:20,8
DA:21,8
DA:25,8
DA:27,8
DA:28,2
DA:33,8
DA:34,8
DA:35,8
DA:36,8
DA:37,8
DA:38,8
DA:39,8
DA:40,8
DA:41,8
DA:42,8
DA:44,8
DA:45,2
DA:50,0
DA:51,0
DA:56,8
DA:57,8
DA:58,2
DA:60,6
LF:30
LH:28
BRDA:11,0,0,6
BRDA:11,0,1,6
BRDA:12,1,0,1
BRDA:19,2,0,6
BRDA:19,2,1,6
BRDA:20,3,0,8
BRDA:20,3,1,4
BRDA:27,4,0,2
BRDA:44,5,0,2
BRDA:57,6,0,2
BRDA:57,7,0,8
BRDA:57,7,1,2
BRF:12
BRH:12
end_of_record
TN:
SF:packages/cli/src/commands/index.ts
FNF:0
FNH:0
DA:5,2
DA:6,2
DA:7,2
DA:8,2
DA:9,2
DA:10,2
DA:11,2
DA:12,2
DA:13,2
DA:14,2
LF:10
LH:10
BRF:0
BRH:0
end_of_record
TN:
SF:packages/cli/src/commands/keep.ts
FN:11,(anonymous_0)
FN:15,(anonymous_1)
FNF:2
FNH:2
FNDA:4,(anonymous_0)
FNDA:3,(anonymous_1)
DA:5,2
DA:6,2
DA:8,2
DA:9,55
DA:12,4
DA:16,3
DA:18,3
DA:19,3
DA:22,3
DA:25,0
LF:10
LH:9
BRF:0
BRH:0
end_of_record
TN:
SF:packages/cli/src/commands/log.ts
FN:9,(anonymous_0)
FN:13,(anonymous_1)
FN:48,(anonymous_2)
FNF:3
FNH:3
FNDA:6,(anonymous_0)
FNDA:8,(anonymous_1)
FNDA:8,(anonymous_2)
DA:5,2
DA:8,2
DA:14,8
DA:16,8
DA:17,8
DA:18,8
DA:22,8
DA:23,5
DA:24,5
DA:25,5
DA:27,3
DA:28,3
DA:29,3
DA:30,3
DA:31,3
DA:32,3
DA:33,3
DA:34,3
DA:35,3
DA:36,3
DA:37,3
DA:38,3
DA:39,3
DA:40,3
DA:44,0
DA:49,8
LF:26
LH:25
BRDA:22,0,0,5
BRDA:22,0,1,3
BRDA:22,1,0,8
BRDA:22,1,1,5
BRF:4
BRH:4
end_of_record
TN:
SF:packages/cli/src/commands/status.ts
FN:9,(anonymous_0)
FN:12,(anonymous_1)
FN:18,(anonymous_2)
FNF:3
FNH:2
FNDA:12,(anonymous_0)
FNDA:0,(anonymous_1)
FNDA:12,(anonymous_2)
DA:5,2
DA:6,2
DA:8,2
DA:12,12
DA:13,12
DA:14,0
DA:19,12
DA:20,12
DA:23,12
DA:25,12
DA:26,0
DA:27,0
DA:28,0
DA:31,12
DA:32,0
DA:33,0
DA:36,12
DA:39,12
DA:40,0
DA:42,12
DA:43,12
DA:44,407
DA:45,407
DA:46,407
DA:47,407
DA:49,0
DA:54,0
DA:55,0
LF:28
LH:18
BRDA:13,0,0,0
BRDA:25,1,0,0
BRDA:31,2,0,0
BRDA:39,3,0,0
BRDA:39,3,1,12
BRDA:46,4,0,0
BRDA:46,4,1,407
BRF:7
BRH:2
end_of_record
TN:
SF:packages/cli/src/commands/track.ts
FN:11,(anonymous_9)
FN:12,(anonymous_10)
FN:18,(anonymous_11)
FN:20,(anonymous_12)
FN:33,(anonymous_13)
FNF:5
FNH:5
FNDA:20,(anonymous_9)
FNDA:20,(anonymous_10)
FNDA:17,(anonymous_11)
FNDA:17,(anonymous_12)
FNDA:17,(anonymous_13)
DA:6,2
DA:7,2
DA:8,2
DA:10,2
DA:12,20
DA:13,20
DA:14,2
DA:19,17
DA:20,17
DA:21,17
DA:23,17
DA:26,17
DA:27,17
DA:28,0
DA:29,0
DA:33,34
DA:34,17
DA:35,17
DA:37,3
DA:41,14
DA:43,14
DA:45,1
DA:48,1
DA:49,1
DA:51,1
DA:52,1
DA:53,1
DA:54,1
DA:57,13
DA:58,13
DA:59,13
DA:61,13
DA:62,13
DA:63,13
DA:64,13
DA:65,13
DA:68,3
DA:69,3
LF:38
LH:36
BRDA:13,0,0,2
BRDA:27,1,0,0
BRDA:43,2,0,1
BRDA:43,2,1,13
BRF:4
BRH:3
end_of_record
TN:
SF:packages/cli/src/commands/undo.ts
FN:9,(anonymous_0)
FN:15,(anonymous_1)
FNF:2
FNH:2
FNDA:6,(anonymous_0)
FNDA:5,(anonymous_1)
DA:5,2
DA:8,2
DA:10,6
DA:11,1
DA:16,5
DA:17,5
DA:19,5
DA:20,5
DA:24,5
DA:25,5
DA:26,5
DA:28,5
DA:29,5
DA:32,0
LF:14
LH:13
BRDA:10,0,0,1
BRDA:17,1,0,5
BRDA:17,1,1,2
BRF:3
BRH:3
end_of_record
TN:
SF:packages/cli/src/commands/untrack.ts
FN:9,(anonymous_0)
FN:15,(anonymous_1)
FNF:2
FNH:2
FNDA:8,(anonymous_0)
FNDA:6,(anonymous_1)
DA:5,2
DA:8,2
DA:10,8
DA:11,2
DA:16,6
DA:18,6
DA:19,6
DA:23,6
DA:24,6
DA:25,6
DA:27,6
DA:30,0
LF:12
LH:11
BRDA:10,0,0,2
BRF:1
BRH:1
end_of_record
TN:
SF:packages/cli/src/utils/output.ts
FN:7,(anonymous_0)
FN:8,(anonymous_1)
FN:9,(anonymous_2)
FN:10,(anonymous_3)
FN:11,(anonymous_4)
FN:15,(anonymous_5)
FN:19,(anonymous_6)
FN:23,(anonymous_7)
FN:27,(anonymous_8)
FN:31,(anonymous_9)
FNF:10
FNH:10
FNDA:3,(anonymous_0)
FNDA:2,(anonymous_1)
FNDA:2,(anonymous_2)
FNDA:2,(anonymous_3)
FNDA:2,(anonymous_4)
FNDA:3,(anonymous_5)
FNDA:2,(anonymous_6)
FNDA:2,(anonymous_7)
FNDA:2,(anonymous_8)
FNDA:2,(anonymous_9)
DA:6,1
DA:7,3
DA:8,2
DA:9,2
DA:10,2
DA:11,2
DA:14,1
DA:16,3
DA:20,2
DA:24,2
DA:28,2
DA:32,2
LF:12
LH:12
BRF:0
BRH:0
end_of_record
TN:
SF:packages/cli/src/utils/prompts.ts
FN:10,(anonymous_9)
FN:17,(anonymous_10)
FN:19,(anonymous_11)
FN:20,(anonymous_12)
FN:31,(anonymous_13)
FN:33,(anonymous_14)
FN:34,(anonymous_15)
FN:40,(anonymous_16)
FNF:8
FNH:8
FNDA:11,(anonymous_9)
FNDA:12,(anonymous_10)
FNDA:12,(anonymous_11)
FNDA:12,(anonymous_12)
FNDA:4,(anonymous_13)
FNDA:4,(anonymous_14)
FNDA:4,(anonymous_15)
FNDA:1,(anonymous_16)
DA:5,1
DA:7,1
DA:11,11
DA:18,12
DA:19,12
DA:20,12
DA:21,12
DA:22,12
DA:23,2
DA:25,10
DA:32,4
DA:33,4
DA:34,4
DA:35,4
DA:41,1
LF:15
LH:15
BRDA:17,0,0,1
BRDA:18,1,0,2
BRDA:18,1,1,10
BRDA:22,2,0,2
BRDA:22,2,1,10
BRDA:25,3,0,10
BRDA:25,3,1,5
BRDA:32,4,0,1
BRDA:32,4,1,3
BRDA:35,5,0,4
BRDA:35,5,1,1
BRDA:35,5,2,0
BRF:12
BRH:11
end_of_record
TN:
SF:packages/core/src/backup.ts
FN:14,(anonymous_9)
FN:18,(anonymous_10)
FN:48,(anonymous_11)
FN:57,(anonymous_12)
FN:62,(anonymous_13)
FNF:5
FNH:0
FNDA:0,(anonymous_9)
FNDA:0,(anonymous_10)
FNDA:0,(anonymous_11)
FNDA:0,(anonymous_12)
FNDA:0,(anonymous_13)
DA:5,0
DA:6,0
DA:7,0
DA:9,0
DA:11,0
DA:14,0
DA:15,0
DA:19,0
DA:20,0
DA:23,0
DA:26,0
DA:29,0
DA:30,0
DA:34,0
DA:35,0
DA:37,0
DA:49,0
DA:50,0
DA:54,0
DA:58,0
DA:59,0
DA:63,0
DA:65,0
DA:66,0
DA:70,0
LF:25
LH:0
BRDA:19,0,0,0
BRDA:29,1,0,0
BRDA:35,2,0,0
BRDA:35,2,1,0
BRDA:43,3,0,0
BRDA:43,3,1,0
BRDA:49,4,0,0
BRDA:65,5,0,0
BRF:8
BRH:0
end_of_record
TN:
SF:packages/core/src/config.ts
FN:26,(anonymous_0)
FN:30,(anonymous_1)
FN:34,(anonymous_2)
FN:50,(anonymous_3)
FNF:4
FNH:0
FNDA:0,(anonymous_0)
FNDA:0,(anonymous_1)
FNDA:0,(anonymous_2)
FNDA:0,(anonymous_3)
DA:7,0
DA:23,0
DA:27,0
DA:31,0
DA:35,0
DA:36,0
DA:39,0
DA:40,0
DA:41,0
DA:43,0
DA:47,0
DA:51,0
LF:12
LH:0
BRDA:26,0,0,0
BRDA:40,1,0,0
BRF:2
BRH:0
end_of_record
TN:
SF:packages/core/src/diff.ts
FN:10,(anonymous_0)
FN:65,(anonymous_1)
FN:70,(anonymous_2)
FNF:3
FNH:0
FNDA:0,(anonymous_0)
FNDA:0,(anonymous_1)
FNDA:0,(anonymous_2)
DA:5,0
DA:7,0
DA:9,0
DA:11,0
DA:12,0
DA:15,0
DA:16,0
DA:19,0
DA:20,0
DA:23,0
DA:25,0
DA:26,0
DA:35,0
DA:36,0
DA:39,0
DA:40,0
DA:41,0
DA:44,0
DA:45,0
DA:46,0
DA:47,0
DA:52,0
DA:53,0
DA:56,0
DA:66,0
DA:67,0
DA:74,0
DA:75,0
LF:28
LH:0
BRDA:11,0,0,0
BRDA:15,1,0,0
BRDA:25,2,0,0
BRDA:46,3,0,0
BRDA:52,4,0,0
BRDA:52,5,0,0
BRDA:52,5,1,0
BRDA:52,5,2,0
BRF:8
BRH:0
end_of_record
TN:
SF:packages/core/src/errors.ts
FN:9,(anonymous_0)
FN:19,(anonymous_1)
FN:26,(anonymous_2)
FN:36,(anonymous_3)
FN:43,(anonymous_4)
FN:53,(anonymous_5)
FN:63,(anonymous_6)
FN:70,(anonymous_7)
FN:77,(anonymous_8)
FN:88,(anonymous_9)
FNF:10
FNH:0
FNDA:0,(anonymous_0)
FNDA:0,(anonymous_1)
FNDA:0,(anonymous_2)
FNDA:0,(anonymous_3)
FNDA:0,(anonymous_4)
FNDA:0,(anonymous_5)
FNDA:0,(anonymous_6)
FNDA:0,(anonymous_7)
FNDA:0,(anonymous_8)
FNDA:0,(anonymous_9)
DA:5,0
DA:10,0
DA:11,0
DA:12,0
DA:13,0
DA:14,0
DA:18,0
DA:20,0
DA:21,0
DA:25,0
DA:27,0
DA:31,0
DA:35,0
DA:37,0
DA:38,0
DA:42,0
DA:44,0
DA:48,0
DA:52,0
DA:54,0
DA:58,0
DA:62,0
DA:64,0
DA:65,0
DA:69,0
DA:71,0
DA:72,0
DA:76,0
DA:78,0
DA:83,0
DA:87,0
DA:89,0
DA:95,0
LF:33
LH:0
BRDA:9,0,0,0
BRDA:19,1,0,0
BRDA:26,2,0,0
BRDA:36,3,0,0
BRDA:43,4,0,0
BRDA:53,5,0,0
BRDA:63,6,0,0
BRDA:70,7,0,0
BRDA:77,8,0,0
BRDA:88,9,0,0
BRF:10
BRH:0
end_of_record
TN:
SF:packages/core/src/git-manager.ts
FN:13,(anonymous_9)
FN:18,(anonymous_10)
FN:33,(anonymous_11)
FN:51,(anonymous_12)
FN:76,(anonymous_13)
FN:104,(anonymous_14)
FN:134,(anonymous_15)
FN:165,(anonymous_16)
FN:177,(anonymous_17)
FN:199,(anonymous_18)
FN:223,(anonymous_19)
FN:259,(anonymous_20)
FNF:12
FNH:0
FNDA:0,(anonymous_9)
FNDA:0,(anonymous_10)
FNDA:0,(anonymous_11)
FNDA:0,(anonymous_12)
FNDA:0,(anonymous_13)
FNDA:0,(anonymous_14)
FNDA:0,(anonymous_15)
FNDA:0,(anonymous_16)
FNDA:0,(anonymous_17)
FNDA:0,(anonymous_18)
FNDA:0,(anonymous_19)
FNDA:0,(anonymous_20)
DA:5,0
DA:6,0
DA:7,0
DA:8,0
DA:10,0
DA:11,0
DA:13,0
DA:19,0
DA:20,0
DA:22,0
DA:23,0
DA:24,0
DA:27,0
DA:34,0
DA:36,0
DA:37,0
DA:38,0
DA:40,0
DA:52,0
DA:53,0
DA:54,0
DA:55,0
DA:57,0
DA:59,0
DA:62,0
DA:63,0
DA:65,0
DA:77,0
DA:78,0
DA:79,0
DA:80,0
DA:82,0
DA:84,0
DA:87,0
DA:88,0
DA:89,0
DA:90,0
DA:93,0
DA:105,0
DA:106,0
DA:107,0
DA:108,0
DA:110,0
DA:112,0
DA:113,0
DA:121,0
DA:123,0
DA:135,0
DA:136,0
DA:137,0
DA:139,0
DA:141,0
DA:142,0
DA:145,0
DA:148,0
DA:149,0
DA:152,0
DA:154,0
DA:166,0
DA:167,0
DA:168,0
DA:170,0
DA:178,0
DA:179,0
DA:180,0
DA:181,0
DA:183,0
DA:184,0
DA:187,0
DA:188,0
DA:190,0
DA:192,0
DA:200,0
DA:201,0
DA:203,0
DA:205,0
DA:208,0
DA:209,0
DA:212,0
DA:229,0
DA:230,0
DA:231,0
DA:232,0
DA:233,0
DA:235,0
DA:236,0
DA:237,0
DA:238,0
DA:240,0
DA:247,0
DA:262,0
LF:91
LH:0
BRDA:22,0,0,0
BRDA:63,1,0,0
BRDA:63,1,1,0
BRDA:88,2,0,0
BRDA:90,3,0,0
BRDA:90,3,1,0
BRDA:112,4,0,0
BRDA:148,5,0,0
BRDA:183,6,0,0
BRDA:208,7,0,0
BRDA:236,8,0,0
BRDA:236,8,1,0
BRDA:237,9,0,0
BRDA:237,9,1,0
BRF:14
BRH:0
end_of_record
TN:
SF:packages/core/src/git.ts
FN:13,(anonymous_0)
FN:17,(anonymous_1)
FN:36,(anonymous_2)
FN:42,(anonymous_3)
FN:55,(anonymous_4)
FN:68,(anonymous_5)
FN:92,(anonymous_6)
FN:101,(anonymous_7)
FN:118,(anonymous_8)
FN:131,(anonymous_9)
FN:144,(anonymous_10)
FN:154,(anonymous_11)
FNF:12
FNH:0
FNDA:0,(anonymous_0)
FNDA:0,(anonymous_1)
FNDA:0,(anonymous_2)
FNDA:0,(anonymous_3)
FNDA:0,(anonymous_4)
FNDA:0,(anonymous_5)
FNDA:0,(anonymous_6)
FNDA:0,(anonymous_7)
FNDA:0,(anonymous_8)
FNDA:0,(anonymous_9)
FNDA:0,(anonymous_10)
FNDA:0,(anonymous_11)
DA:5,0
DA:6,0
DA:7,0
DA:9,0
DA:10,0
DA:11,0
DA:13,0
DA:18,0
DA:20,0
DA:23,0
DA:24,0
DA:27,0
DA:28,0
DA:30,0
DA:32,0
DA:37,0
DA:38,0
DA:43,0
DA:44,0
DA:45,0
DA:47,0
DA:56,0
DA:57,0
DA:58,0
DA:60,0
DA:69,0
DA:70,0
DA:73,0
DA:74,0
DA:76,0
DA:77,0
DA:79,0
DA:82,0
DA:83,0
DA:85,0
DA:88,0
DA:93,0
DA:94,0
DA:95,0
DA:97,0
DA:102,0
DA:103,0
DA:104,0
DA:105,0
DA:107,0
DA:110,0
DA:119,0
DA:120,0
DA:121,0
DA:123,0
DA:132,0
DA:134,0
DA:135,0
DA:137,0
DA:138,0
DA:140,0
DA:145,0
DA:146,0
DA:147,0
DA:148,0
DA:150,0
DA:155,0
DA:156,0
LF:63
LH:0
BRDA:37,0,0,0
BRDA:37,1,0,0
BRDA:37,1,1,0
BRDA:74,2,0,0
BRDA:76,3,0,0
BRDA:82,4,0,0
BRDA:104,5,0,0
BRDA:104,5,1,0
BRDA:134,6,0,0
BRDA:134,7,0,0
BRDA:134,7,1,0
BRF:11
BRH:0
end_of_record
TN:
SF:packages/core/src/oops.ts
FN:19,(anonymous_9)
FN:28,(anonymous_10)
FN:32,(anonymous_11)
FN:49,(anonymous_12)
FN:53,(anonymous_13)
FN:57,(anonymous_14)
FN:62,(anonymous_15)
FN:67,(anonymous_16)
FN:78,(anonymous_17)
FN:89,(anonymous_18)
FN:99,(anonymous_19)
FN:110,(anonymous_20)
FN:115,(anonymous_21)
FN:124,(anonymous_22)
FN:128,(anonymous_23)
FN:135,(anonymous_24)
FN:151,(anonymous_25)
FN:155,(anonymous_26)
FN:162,(anonymous_27)
FN:169,(anonymous_28)
FN:176,(anonymous_29)
FN:182,(anonymous_30)
FN:197,(anonymous_31)
FN:199,(anonymous_32)
FN:200,(anonymous_33)
FN:210,(anonymous_34)
FN:211,(anonymous_35)
FN:216,(anonymous_36)
FN:221,(anonymous_37)
FN:225,(anonymous_38)
FNF:30
FNH:0
FNDA:0,(anonymous_9)
FNDA:0,(anonymous_10)
FNDA:0,(anonymous_11)
FNDA:0,(anonymous_12)
FNDA:0,(anonymous_13)
FNDA:0,(anonymous_14)
FNDA:0,(anonymous_15)
FNDA:0,(anonymous_16)
FNDA:0,(anonymous_17)
FNDA:0,(anonymous_18)
FNDA:0,(anonymous_19)
FNDA:0,(anonymous_20)
FNDA:0,(anonymous_21)
FNDA:0,(anonymous_22)
FNDA:0,(anonymous_23)
FNDA:0,(anonymous_24)
FNDA:0,(anonymous_25)
FNDA:0,(anonymous_26)
FNDA:0,(anonymous_27)
FNDA:0,(anonymous_28)
FNDA:0,(anonymous_29)
FNDA:0,(anonymous_30)
FNDA:0,(anonymous_31)
FNDA:0,(anonymous_32)
FNDA:0,(anonymous_33)
FNDA:0,(anonymous_34)
FNDA:0,(anonymous_35)
FNDA:0,(anonymous_36)
FNDA:0,(anonymous_37)
FNDA:0,(anonymous_38)
DA:5,0
DA:6,0
DA:7,0
DA:8,0
DA:9,0
DA:12,0
DA:20,0
DA:21,0
DA:22,0
DA:23,0
DA:24,0
DA:29,0
DA:33,0
DA:34,0
DA:37,0
DA:50,0
DA:54,0
DA:58,0
DA:63,0
DA:64,0
DA:68,0
DA:69,0
DA:70,0
DA:73,0
DA:80,0
DA:81,0
DA:86,0
DA:91,0
DA:92,0
DA:96,0
DA:99,0
DA:100,0
DA:101,0
DA:103,0
DA:107,0
DA:111,0
DA:116,0
DA:117,0
DA:118,0
DA:120,0
DA:125,0
DA:129,0
DA:130,0
DA:133,0
DA:134,0
DA:135,0
DA:136,0
DA:137,0
DA:138,0
DA:145,0
DA:152,0
DA:156,0
DA:157,0
DA:158,0
DA:163,0
DA:164,0
DA:165,0
DA:170,0
DA:171,0
DA:172,0
DA:177,0
DA:178,0
DA:180,0
DA:181,0
DA:182,0
DA:183,0
DA:184,0
DA:186,0
DA:187,0
DA:190,0
DA:194,0
DA:198,0
DA:199,0
DA:200,0
DA:201,0
DA:202,0
DA:203,0
DA:204,0
DA:206,0
DA:211,0
DA:212,0
DA:213,0
DA:217,0
DA:222,0
DA:226,0
LF:85
LH:0
BRDA:19,0,0,0
BRDA:80,1,0,0
BRDA:91,2,0,0
BRDA:100,3,0,0
BRDA:100,3,1,0
BRDA:118,4,0,0
BRDA:118,4,1,0
BRDA:136,5,0,0
BRDA:183,6,0,0
BRDA:186,7,0,0
BRF:10
BRH:0
end_of_record
TN:
SF:packages/core/src/tracker.ts
FN:13,(anonymous_9)
FN:17,(anonymous_10)
FN:22,(anonymous_11)
FN:68,(anonymous_12)
FN:84,(anonymous_13)
FN:125,(anonymous_14)
FN:137,(anonymous_15)
FN:161,(anonymous_16)
FN:167,(anonymous_17)
FN:172,(anonymous_18)
FN:202,(anonymous_19)
FN:207,(anonymous_20)
FN:217,(anonymous_21)
FN:218,(anonymous_22)
FNF:14
FNH:0
FNDA:0,(anonymous_9)
FNDA:0,(anonymous_10)
FNDA:0,(anonymous_11)
FNDA:0,(anonymous_12)
FNDA:0,(anonymous_13)
FNDA:0,(anonymous_14)
FNDA:0,(anonymous_15)
FNDA:0,(anonymous_16)
FNDA:0,(anonymous_17)
FNDA:0,(anonymous_18)
FNDA:0,(anonymous_19)
FNDA:0,(anonymous_20)
FNDA:0,(anonymous_21)
FNDA:0,(anonymous_22)
DA:5,0
DA:6,0
DA:8,0
DA:10,0
DA:14,0
DA:18,0
DA:19,0
DA:23,0
DA:24,0
DA:27,0
DA:28,0
DA:31,0
DA:32,0
DA:35,0
DA:38,0
DA:41,0
DA:48,0
DA:49,0
DA:52,0
DA:54,0
DA:65,0
DA:69,0
DA:70,0
DA:74,0
DA:77,0
DA:78,0
DA:80,0
DA:85,0
DA:86,0
DA:89,0
DA:90,0
DA:91,0
DA:93,0
DA:94,0
DA:95,0
DA:96,0
DA:102,0
DA:103,0
DA:104,0
DA:105,0
DA:106,0
DA:107,0
DA:113,0
DA:126,0
DA:128,0
DA:129,0
DA:130,0
DA:131,0
DA:133,0
DA:138,0
DA:139,0
DA:141,0
DA:142,0
DA:152,0
DA:163,0
DA:164,0
DA:169,0
DA:173,0
DA:175,0
DA:181,0
DA:182,0
DA:183,0
DA:189,0
DA:190,0
DA:202,0
DA:205,0
DA:206,0
DA:207,0
DA:211,0
DA:214,0
DA:218,0
DA:219,0
DA:220,0
DA:223,0
DA:224,0
LF:75
LH:0
BRDA:23,0,0,0
BRDA:27,1,0,0
BRDA:44,2,0,0
BRDA:44,2,1,0
BRDA:69,3,0,0
BRDA:78,4,0,0
BRDA:85,5,0,0
BRDA:104,6,0,0
BRDA:104,7,0,0
BRDA:104,7,1,0
BRDA:131,8,0,0
BRDA:131,8,1,0
BRDA:141,9,0,0
BRDA:189,10,0,0
BRDA:189,10,1,0
BRDA:206,11,0,0
BRDA:223,12,0,0
BRF:17
BRH:0
end_of_record
TN:
SF:packages/core/src/transaction.ts
FN:23,(anonymous_9)
FN:30,(anonymous_10)
FN:53,(anonymous_11)
FN:71,(anonymous_12)
FN:75,(anonymous_13)
FN:113,(anonymous_14)
FN:118,(anonymous_15)
FN:125,(anonymous_16)
FN:130,(anonymous_17)
FN:137,(anonymous_18)
FN:142,(anonymous_19)
FN:149,(anonymous_20)
FN:153,(anonymous_21)
FN:162,(anonymous_22)
FN:167,(anonymous_23)
FN:183,(anonymous_24)
FN:187,(anonymous_25)
FNF:17
FNH:0
FNDA:0,(anonymous_9)
FNDA:0,(anonymous_10)
FNDA:0,(anonymous_11)
FNDA:0,(anonymous_12)
FNDA:0,(anonymous_13)
FNDA:0,(anonymous_14)
FNDA:0,(anonymous_15)
FNDA:0,(anonymous_16)
FNDA:0,(anonymous_17)
FNDA:0,(anonymous_18)
FNDA:0,(anonymous_19)
FNDA:0,(anonymous_20)
FNDA:0,(anonymous_21)
FNDA:0,(anonymous_22)
FNDA:0,(anonymous_23)
FNDA:0,(anonymous_24)
FNDA:0,(anonymous_25)
DA:5,0
DA:6,0
DA:7,0
DA:17,0
DA:18,0
DA:19,0
DA:20,0
DA:21,0
DA:24,0
DA:25,0
DA:27,0
DA:31,0
DA:32,0
DA:35,0
DA:37,0
DA:38,0
DA:41,0
DA:42,0
DA:45,0
DA:48,0
DA:49,0
DA:54,0
DA:55,0
DA:58,0
DA:60,0
DA:61,0
DA:65,0
DA:67,0
DA:75,0
DA:76,0
DA:79,0
DA:80,0
DA:82,0
DA:85,0
DA:86,0
DA:88,0
DA:91,0
DA:92,0
DA:94,0
DA:97,0
DA:98,0
DA:100,0
DA:103,0
DA:104,0
DA:106,0
DA:112,0
DA:114,0
DA:119,0
DA:120,0
DA:126,0
DA:131,0
DA:132,0
DA:138,0
DA:143,0
DA:144,0
DA:150,0
DA:155,0
DA:156,0
DA:157,0
DA:163,0
DA:168,0
DA:171,0
DA:172,0
DA:176,0
DA:178,0
DA:184,0
DA:188,0
DA:189,0
LF:68
LH:0
BRDA:24,0,0,0
BRDA:24,1,0,0
BRDA:24,1,1,0
BRDA:31,2,0,0
BRDA:31,3,0,0
BRDA:31,3,1,0
BRDA:54,4,0,0
BRDA:76,5,0,0
BRDA:76,5,1,0
BRDA:76,5,2,0
BRDA:76,5,3,0
BRDA:76,5,4,0
BRDA:79,6,0,0
BRDA:85,7,0,0
BRDA:91,8,0,0
BRDA:91,9,0,0
BRDA:91,9,1,0
BRDA:97,10,0,0
BRDA:97,11,0,0
BRDA:97,11,1,0
BRDA:103,12,0,0
BRDA:171,13,0,0
BRF:22
BRH:0
end_of_record
TN:
SF:packages/core/src/workspace.ts
FN:13,(anonymous_9)
FN:17,(anonymous_10)
FN:23,(anonymous_11)
FN:27,(anonymous_12)
FN:50,(anonymous_13)
FN:54,(anonymous_14)
FN:71,(anonymous_15)
FN:115,(anonymous_16)
FN:134,(anonymous_17)
FNF:9
FNH:0
FNDA:0,(anonymous_9)
FNDA:0,(anonymous_10)
FNDA:0,(anonymous_11)
FNDA:0,(anonymous_12)
FNDA:0,(anonymous_13)
FNDA:0,(anonymous_14)
FNDA:0,(anonymous_15)
FNDA:0,(anonymous_16)
FNDA:0,(anonymous_17)
DA:5,0
DA:6,0
DA:8,0
DA:10,0
DA:14,0
DA:20,0
DA:24,0
DA:29,0
DA:30,0
DA:33,0
DA:34,0
DA:39,0
DA:42,0
DA:43,0
DA:47,0
DA:51,0
DA:55,0
DA:56,0
DA:60,0
DA:61,0
DA:62,0
DA:63,0
DA:64,0
DA:68,0
DA:72,0
DA:73,0
DA:76,0
DA:77,0
DA:81,0
DA:82,0
DA:83,0
DA:85,0
DA:86,0
DA:87,0
DA:88,0
DA:94,0
DA:95,0
DA:96,0
DA:97,0
DA:98,0
DA:99,0
DA:105,0
DA:116,0
DA:118,0
DA:119,0
DA:120,0
DA:121,0
DA:125,0
DA:126,0
DA:130,0
LF:50
LH:0
BRDA:14,0,0,0
BRDA:14,0,1,0
BRDA:55,1,0,0
BRDA:63,2,0,0
BRDA:72,3,0,0
BRDA:76,4,0,0
BRDA:88,5,0,0
BRDA:88,5,1,0
BRDA:98,6,0,0
BRDA:116,7,0,0
BRDA:119,8,0,0
BRF:11
BRH:0
end_of_record
